<?xml version="1.0" encoding="UTF-8"?>
<!-- Generated by org.testng.reporters.JUnitReportReporter -->
<testsuite hostname="PFT-LAP-119" failures="0" tests="1" name="com.pat.qa.testcases.HomePageTest" time="18.437" errors="0" timestamp="2024-11-20T19:33:02 IST" skipped="0">
  <testcase classname="com.pat.qa.testcases.HomePageTest" name="testValidateTableAndDates" time="18.437"/>
</testsuite> <!-- com.pat.qa.testcases.HomePageTest -->
